{"/Users/fabioanjos/git/pessoal/curso-react/projeto-posts/src/index.jsx": {"path":"/Users/fabioanjos/git/pessoal/curso-react/projeto-posts/src/index.jsx","statementMap":{"0":{"start":{"line":6,"column":13},"end":{"line":6,"column":65}},"1":{"start":{"line":7,"column":0},"end":{"line":11,"column":2}}},"fnMap":{},"branchMap":{},"s":{"0":0,"1":0},"f":{},"b":{}}
,"/Users/fabioanjos/git/pessoal/curso-react/projeto-posts/src/components/Button/index.jsx": {"path":"/Users/fabioanjos/git/pessoal/curso-react/projeto-posts/src/components/Button/index.jsx","statementMap":{"0":{"start":{"line":4,"column":22},"end":{"line":8,"column":1}},"1":{"start":{"line":5,"column":2},"end":{"line":7,"column":11}},"2":{"start":{"line":10,"column":0},"end":{"line":12,"column":2}},"3":{"start":{"line":14,"column":0},"end":{"line":18,"column":2}}},"fnMap":{"0":{"name":"(anonymous_0)","decl":{"start":{"line":4,"column":22},"end":{"line":4,"column":23}},"loc":{"start":{"line":5,"column":2},"end":{"line":7,"column":11}},"line":5}},"branchMap":{"0":{"loc":{"start":{"line":4,"column":40},"end":{"line":4,"column":56}},"type":"default-arg","locations":[{"start":{"line":4,"column":51},"end":{"line":4,"column":56}}],"line":4}},"s":{"0":1,"1":4,"2":1,"3":1},"f":{"0":4},"b":{"0":[2]},"_coverageSchema":"1a1c01bbd47fc00a2c39e90264f33305004495a9","hash":"3bf2d8b7cd0608e2378a1fb2d0dea57d595bb46f"}
,"/Users/fabioanjos/git/pessoal/curso-react/projeto-posts/src/components/PostCard/index.jsx": {"path":"/Users/fabioanjos/git/pessoal/curso-react/projeto-posts/src/components/PostCard/index.jsx","statementMap":{"0":{"start":{"line":4,"column":24},"end":{"line":12,"column":1}},"1":{"start":{"line":5,"column":2},"end":{"line":11,"column":8}},"2":{"start":{"line":14,"column":0},"end":{"line":19,"column":2}}},"fnMap":{"0":{"name":"(anonymous_0)","decl":{"start":{"line":4,"column":24},"end":{"line":4,"column":25}},"loc":{"start":{"line":5,"column":2},"end":{"line":11,"column":8}},"line":5}},"branchMap":{},"s":{"0":2,"1":8,"2":2},"f":{"0":8},"b":{},"_coverageSchema":"1a1c01bbd47fc00a2c39e90264f33305004495a9","hash":"fd7ecdcb3345c952e34b62b8e19f23c378b873b0"}
,"/Users/fabioanjos/git/pessoal/curso-react/projeto-posts/src/components/PostCard/mock.js": {"path":"/Users/fabioanjos/git/pessoal/curso-react/projeto-posts/src/components/PostCard/mock.js","statementMap":{"0":{"start":{"line":1,"column":33},"end":{"line":6,"column":1}}},"fnMap":{},"branchMap":{},"s":{"0":1},"f":{},"b":{},"_coverageSchema":"1a1c01bbd47fc00a2c39e90264f33305004495a9","hash":"203489bcb41d1556b34493a356da79b1f5251e87"}
,"/Users/fabioanjos/git/pessoal/curso-react/projeto-posts/src/components/Posts/index.jsx": {"path":"/Users/fabioanjos/git/pessoal/curso-react/projeto-posts/src/components/Posts/index.jsx","statementMap":{"0":{"start":{"line":5,"column":21},"end":{"line":17,"column":1}},"1":{"start":{"line":6,"column":2},"end":{"line":16,"column":8}},"2":{"start":{"line":8,"column":6},"end":{"line":14,"column":8}},"3":{"start":{"line":19,"column":0},"end":{"line":21,"column":2}}},"fnMap":{"0":{"name":"(anonymous_0)","decl":{"start":{"line":5,"column":21},"end":{"line":5,"column":22}},"loc":{"start":{"line":6,"column":2},"end":{"line":16,"column":8}},"line":6},"1":{"name":"(anonymous_1)","decl":{"start":{"line":7,"column":15},"end":{"line":7,"column":16}},"loc":{"start":{"line":8,"column":6},"end":{"line":14,"column":8}},"line":8}},"branchMap":{"0":{"loc":{"start":{"line":5,"column":24},"end":{"line":5,"column":34}},"type":"default-arg","locations":[{"start":{"line":5,"column":32},"end":{"line":5,"column":34}}],"line":5}},"s":{"0":1,"1":3,"2":6,"3":1},"f":{"0":3,"1":6},"b":{"0":[1]},"_coverageSchema":"1a1c01bbd47fc00a2c39e90264f33305004495a9","hash":"31f788ac2b127a297fc4aa2ca2d0d2e11fdfec27"}
,"/Users/fabioanjos/git/pessoal/curso-react/projeto-posts/src/components/TextInput/index.jsx": {"path":"/Users/fabioanjos/git/pessoal/curso-react/projeto-posts/src/components/TextInput/index.jsx","statementMap":{"0":{"start":{"line":4,"column":25},"end":{"line":14,"column":1}},"1":{"start":{"line":5,"column":2},"end":{"line":13,"column":4}},"2":{"start":{"line":16,"column":0},"end":{"line":19,"column":2}}},"fnMap":{"0":{"name":"(anonymous_0)","decl":{"start":{"line":4,"column":25},"end":{"line":4,"column":26}},"loc":{"start":{"line":4,"column":60},"end":{"line":14,"column":1}},"line":4}},"branchMap":{},"s":{"0":1,"1":3,"2":1},"f":{"0":3},"b":{},"_coverageSchema":"1a1c01bbd47fc00a2c39e90264f33305004495a9","hash":"4c395519d93d59ce6a5cbbed300324801739a830"}
,"/Users/fabioanjos/git/pessoal/curso-react/projeto-posts/src/templates/Home/index.js": {"path":"/Users/fabioanjos/git/pessoal/curso-react/projeto-posts/src/templates/Home/index.js","statementMap":{"0":{"start":{"line":9,"column":10},"end":{"line":15,"column":3}},"1":{"start":{"line":18,"column":4},"end":{"line":18,"column":27}},"2":{"start":{"line":21,"column":14},"end":{"line":28,"column":3}},"3":{"start":{"line":22,"column":34},"end":{"line":22,"column":44}},"4":{"start":{"line":23,"column":27},"end":{"line":23,"column":44}},"5":{"start":{"line":24,"column":4},"end":{"line":27,"column":7}},"6":{"start":{"line":30,"column":18},"end":{"line":41,"column":3}},"7":{"start":{"line":36,"column":8},"end":{"line":36,"column":18}},"8":{"start":{"line":37,"column":21},"end":{"line":37,"column":39}},"9":{"start":{"line":38,"column":22},"end":{"line":38,"column":70}},"10":{"start":{"line":39,"column":4},"end":{"line":39,"column":29}},"11":{"start":{"line":40,"column":4},"end":{"line":40,"column":45}},"12":{"start":{"line":43,"column":17},"end":{"line":46,"column":3}},"13":{"start":{"line":44,"column":22},"end":{"line":44,"column":30}},"14":{"start":{"line":45,"column":4},"end":{"line":45,"column":42}},"15":{"start":{"line":51,"column":8},"end":{"line":51,"column":18}},"16":{"start":{"line":52,"column":24},"end":{"line":52,"column":61}},"17":{"start":{"line":54,"column":26},"end":{"line":56,"column":13}},"18":{"start":{"line":55,"column":34},"end":{"line":55,"column":94}},"19":{"start":{"line":58,"column":4},"end":{"line":91,"column":6}}},"fnMap":{"0":{"name":"(anonymous_0)","decl":{"start":{"line":17,"column":2},"end":{"line":17,"column":3}},"loc":{"start":{"line":17,"column":28},"end":{"line":19,"column":3}},"line":17},"1":{"name":"(anonymous_1)","decl":{"start":{"line":21,"column":14},"end":{"line":21,"column":15}},"loc":{"start":{"line":21,"column":26},"end":{"line":28,"column":3}},"line":21},"2":{"name":"(anonymous_2)","decl":{"start":{"line":30,"column":18},"end":{"line":30,"column":19}},"loc":{"start":{"line":30,"column":24},"end":{"line":41,"column":3}},"line":30},"3":{"name":"(anonymous_3)","decl":{"start":{"line":43,"column":17},"end":{"line":43,"column":18}},"loc":{"start":{"line":43,"column":24},"end":{"line":46,"column":3}},"line":43},"4":{"name":"(anonymous_4)","decl":{"start":{"line":48,"column":2},"end":{"line":48,"column":3}},"loc":{"start":{"line":48,"column":11},"end":{"line":92,"column":3}},"line":48},"5":{"name":"(anonymous_5)","decl":{"start":{"line":55,"column":24},"end":{"line":55,"column":25}},"loc":{"start":{"line":55,"column":34},"end":{"line":55,"column":94}},"line":55}},"branchMap":{"0":{"loc":{"start":{"line":54,"column":26},"end":{"line":56,"column":13}},"type":"cond-expr","locations":[{"start":{"line":55,"column":8},"end":{"line":55,"column":95}},{"start":{"line":56,"column":8},"end":{"line":56,"column":13}}],"line":54},"1":{"loc":{"start":{"line":61,"column":11},"end":{"line":66,"column":11}},"type":"binary-expr","locations":[{"start":{"line":61,"column":11},"end":{"line":61,"column":24}},{"start":{"line":62,"column":10},"end":{"line":65,"column":15}}],"line":61},"2":{"loc":{"start":{"line":73,"column":9},"end":{"line":75,"column":9}},"type":"binary-expr","locations":[{"start":{"line":73,"column":9},"end":{"line":73,"column":33}},{"start":{"line":74,"column":8},"end":{"line":74,"column":39}}],"line":73},"3":{"loc":{"start":{"line":77,"column":9},"end":{"line":79,"column":9}},"type":"binary-expr","locations":[{"start":{"line":77,"column":9},"end":{"line":77,"column":35}},{"start":{"line":78,"column":8},"end":{"line":78,"column":32}}],"line":77},"4":{"loc":{"start":{"line":82,"column":11},"end":{"line":88,"column":11}},"type":"binary-expr","locations":[{"start":{"line":82,"column":11},"end":{"line":82,"column":23}},{"start":{"line":83,"column":10},"end":{"line":87,"column":12}}],"line":82}},"s":{"0":0,"1":0,"2":0,"3":0,"4":0,"5":0,"6":0,"7":0,"8":0,"9":0,"10":0,"11":0,"12":0,"13":0,"14":0,"15":0,"16":0,"17":0,"18":0,"19":0},"f":{"0":0,"1":0,"2":0,"3":0,"4":0,"5":0},"b":{"0":[0,0],"1":[0,0],"2":[0,0],"3":[0,0],"4":[0,0]}}
,"/Users/fabioanjos/git/pessoal/curso-react/projeto-posts/src/utils/load-posts.js": {"path":"/Users/fabioanjos/git/pessoal/curso-react/projeto-posts/src/utils/load-posts.js","statementMap":{"0":{"start":{"line":1,"column":25},"end":{"line":14,"column":1}},"1":{"start":{"line":2,"column":23},"end":{"line":2,"column":74}},"2":{"start":{"line":3,"column":27},"end":{"line":3,"column":79}},"3":{"start":{"line":5,"column":28},"end":{"line":5,"column":77}},"4":{"start":{"line":7,"column":22},"end":{"line":7,"column":40}},"5":{"start":{"line":8,"column":23},"end":{"line":8,"column":42}},"6":{"start":{"line":10,"column":27},"end":{"line":12,"column":6}},"7":{"start":{"line":11,"column":6},"end":{"line":11,"column":52}},"8":{"start":{"line":13,"column":4},"end":{"line":13,"column":26}}},"fnMap":{"0":{"name":"(anonymous_0)","decl":{"start":{"line":1,"column":25},"end":{"line":1,"column":26}},"loc":{"start":{"line":1,"column":36},"end":{"line":14,"column":1}},"line":1},"1":{"name":"(anonymous_1)","decl":{"start":{"line":10,"column":41},"end":{"line":10,"column":42}},"loc":{"start":{"line":10,"column":58},"end":{"line":12,"column":5}},"line":10}},"branchMap":{},"s":{"0":0,"1":0,"2":0,"3":0,"4":0,"5":0,"6":0,"7":0,"8":0},"f":{"0":0,"1":0},"b":{}}
}
