TN:
SF:src/index.jsx
FNF:0
FNH:0
DA:6,0
DA:7,0
LF:2
LH:0
BRF:0
BRH:0
end_of_record
TN:
SF:src/components/Button/index.jsx
FN:4,(anonymous_0)
FNF:1
FNH:1
FNDA:4,(anonymous_0)
DA:4,1
DA:5,4
DA:10,1
DA:14,1
LF:4
LH:4
BRDA:4,0,0,2
BRF:1
BRH:1
end_of_record
TN:
SF:src/components/PostCard/index.jsx
FN:4,(anonymous_0)
FNF:1
FNH:1
FNDA:8,(anonymous_0)
DA:4,2
DA:5,8
DA:14,2
LF:3
LH:3
BRF:0
BRH:0
end_of_record
TN:
SF:src/components/PostCard/mock.js
FNF:0
FNH:0
DA:1,1
LF:1
LH:1
BRF:0
BRH:0
end_of_record
TN:
SF:src/components/Posts/index.jsx
FN:5,(anonymous_0)
FN:7,(anonymous_1)
FNF:2
FNH:2
FNDA:3,(anonymous_0)
FNDA:6,(anonymous_1)
DA:5,1
DA:6,3
DA:8,6
DA:19,1
LF:4
LH:4
BRDA:5,0,0,1
BRF:1
BRH:1
end_of_record
TN:
SF:src/components/TextInput/index.jsx
FN:4,(anonymous_0)
FNF:1
FNH:1
FNDA:3,(anonymous_0)
DA:4,1
DA:5,3
DA:16,1
LF:3
LH:3
BRF:0
BRH:0
end_of_record
TN:
SF:src/templates/Home/index.js
FN:17,(anonymous_0)
FN:21,(anonymous_1)
FN:30,(anonymous_2)
FN:43,(anonymous_3)
FN:48,(anonymous_4)
FN:55,(anonymous_5)
FNF:6
FNH:0
FNDA:0,(anonymous_0)
FNDA:0,(anonymous_1)
FNDA:0,(anonymous_2)
FNDA:0,(anonymous_3)
FNDA:0,(anonymous_4)
FNDA:0,(anonymous_5)
DA:9,0
DA:18,0
DA:21,0
DA:22,0
DA:23,0
DA:24,0
DA:30,0
DA:36,0
DA:37,0
DA:38,0
DA:39,0
DA:40,0
DA:43,0
DA:44,0
DA:45,0
DA:51,0
DA:52,0
DA:54,0
DA:55,0
DA:58,0
LF:20
LH:0
BRDA:54,0,0,0
BRDA:54,0,1,0
BRDA:61,1,0,0
BRDA:61,1,1,0
BRDA:73,2,0,0
BRDA:73,2,1,0
BRDA:77,3,0,0
BRDA:77,3,1,0
BRDA:82,4,0,0
BRDA:82,4,1,0
BRF:10
BRH:0
end_of_record
TN:
SF:src/utils/load-posts.js
FN:1,(anonymous_0)
FN:10,(anonymous_1)
FNF:2
FNH:0
FNDA:0,(anonymous_0)
FNDA:0,(anonymous_1)
DA:1,0
DA:2,0
DA:3,0
DA:5,0
DA:7,0
DA:8,0
DA:10,0
DA:11,0
DA:13,0
LF:9
LH:0
BRF:0
BRH:0
end_of_record
